<?xml version="1.0" encoding="utf-8"?><testsuites name="pytest tests"><testsuite name="pytest" errors="0" failures="1" skipped="0" tests="12" time="2.321" timestamp="2026-07-15T17:55:04.810643+00:00" hostname="agent-env-ef2d9c19-1838-40b7-9336-5c5750d17456"><testcase classname="backend.tests.test_bicivalera" name="test_register_duplicate" time="0.587" /><testcase classname="backend.tests.test_bicivalera" name="test_login_ok" time="0.264" /><testcase classname="backend.tests.test_bicivalera" name="test_login_bad_password" time="0.375" /><testcase classname="backend.tests.test_bicivalera" name="test_me_ok" time="0.074"><failure message="AssertionError: assert 'test_b38903ac@valera.com' == 'TEST_b38903ac@valera.com'&#10;  &#10;  - TEST_b38903ac@valera.com&#10;  ? ^^^^&#10;  + test_b38903ac@valera.com&#10;  ? ^^^^">backend/tests/test_bicivalera.py:54: in test_me_ok
    assert r.json()["email"] == new_user["email"]
E   AssertionError: assert 'test_b38903ac@valera.com' == 'TEST_b38903ac@valera.com'
E     
E     - TEST_b38903ac@valera.com
E     ? ^^^^
E     + test_b38903ac@valera.com
E     ? ^^^^</failure></testcase><testcase classname="backend.tests.test_bicivalera" name="test_me_unauth" time="0.035" /><testcase classname="backend.tests.test_bicivalera" name="test_stations_list" time="0.041" /><testcase classname="backend.tests.test_bicivalera" name="test_station_detail" time="0.116" /><testcase classname="backend.tests.test_bicivalera" name="test_station_not_found" time="0.048" /><testcase classname="backend.tests.test_bicivalera" name="test_rides_flow" time="0.555" /><testcase classname="backend.tests.test_bicivalera" name="test_start_ride_invalid_bike" time="0.038" /><testcase classname="backend.tests.test_bicivalera" name="test_impact" time="0.033" /><testcase classname="backend.tests.test_bicivalera" name="test_simulator" time="0.075" /></testsuite></testsuites>