<?xml version="1.0" encoding="utf-8"?><testsuites name="pytest tests"><testsuite name="pytest" errors="0" failures="0" skipped="0" tests="16" time="2.223" timestamp="2026-07-15T20:38:19.323324+00:00" hostname="agent-env-ef2d9c19-1838-40b7-9336-5c5750d17456"><testcase classname="backend.tests.test_bicivalera" name="test_register_duplicate" time="0.456" /><testcase classname="backend.tests.test_bicivalera" name="test_login_ok" time="0.262" /><testcase classname="backend.tests.test_bicivalera" name="test_login_bad_password" time="0.298" /><testcase classname="backend.tests.test_bicivalera" name="test_me_ok" time="0.075" /><testcase classname="backend.tests.test_bicivalera" name="test_me_unauth" time="0.073" /><testcase classname="backend.tests.test_bicivalera" name="test_stations_list" time="0.041" /><testcase classname="backend.tests.test_bicivalera" name="test_station_detail" time="0.074" /><testcase classname="backend.tests.test_bicivalera" name="test_station_not_found" time="0.033" /><testcase classname="backend.tests.test_bicivalera" name="test_rides_flow" time="0.429" /><testcase classname="backend.tests.test_bicivalera" name="test_start_ride_invalid_bike" time="0.076" /><testcase classname="backend.tests.test_bicivalera" name="test_impact" time="0.039" /><testcase classname="backend.tests.test_bicivalera" name="test_simulator" time="0.036" /><testcase classname="backend.tests.test_bicivalera" name="test_impact_trend_unauth" time="0.036" /><testcase classname="backend.tests.test_bicivalera" name="test_impact_trend_ok" time="0.041" /><testcase classname="backend.tests.test_bicivalera" name="test_achievements_unauth" time="0.039" /><testcase classname="backend.tests.test_bicivalera" name="test_achievements_ok" time="0.078" /></testsuite></testsuites>